<?xml version="1.0" encoding="UTF-8"?>
<!-- Generated by org.testng.reporters.JUnitXMLReporter -->
<testsuite ignored="0" hostname="Ishant" failures="0" tests="4" name="Default test" time="38.944" errors="0" timestamp="11 Feb 2022 08:38:43 GMT">
  <testcase classname="Academy.E2EProject.validateNavBar" name="basePageNavigation" time="0.149"/>
  <testcase classname="Academy.E2EProject.HomePage" name="basePageNavigation" time="10.335"/>
  <testcase classname="Academy.E2EProject.HomePage" name="basePageNavigation" time="6.498"/>
  <testcase classname="Academy.E2EProject.validatetitle" name="basePageNavigation" time="0.114"/>
</testsuite> <!-- Default test -->
