<?xml version="1.0" encoding="UTF-8"?>
<testng-results ignored="0" total="4" passed="4" failed="0" skipped="0">
  <reporter-output>
  </reporter-output>
  <suite started-at="2022-02-11T08:38:04Z" name="Default suite" finished-at="2022-02-11T08:38:43Z" duration-ms="38944">
    <groups>
    </groups>
    <test started-at="2022-02-11T08:38:04Z" name="Default test" finished-at="2022-02-11T08:38:43Z" duration-ms="38944">
      <class name="Academy.E2EProject.validateNavBar">
        <test-method signature="basePageNavigation()[pri:0, instance:Academy.E2EProject.validateNavBar@42d236fb]" started-at="2022-02-11T14:08:25Z" name="basePageNavigation" finished-at="2022-02-11T14:08:25Z" duration-ms="149" status="PASS">
          <reporter-output>
          </reporter-output>
        </test-method> <!-- basePageNavigation -->
      </class> <!-- Academy.E2EProject.validateNavBar -->
      <class name="Academy.E2EProject.HomePage">
        <test-method is-config="true" signature="initilizer()[pri:0, instance:Academy.E2EProject.HomePage@1ce93c18]" started-at="2022-02-11T14:08:04Z" name="initilizer" finished-at="2022-02-11T14:08:07Z" duration-ms="2921" status="PASS">
          <reporter-output>
          </reporter-output>
        </test-method> <!-- initilizer -->
        <test-method is-config="true" signature="initilizer()[pri:0, instance:Academy.E2EProject.validateNavBar@42d236fb]" started-at="2022-02-11T14:08:07Z" name="initilizer" finished-at="2022-02-11T14:08:14Z" duration-ms="7385" status="PASS">
          <reporter-output>
          </reporter-output>
        </test-method> <!-- initilizer -->
        <test-method is-config="true" signature="initilizer()[pri:0, instance:Academy.E2EProject.validatetitle@19f21b6b]" started-at="2022-02-11T14:08:14Z" name="initilizer" finished-at="2022-02-11T14:08:25Z" duration-ms="10219" status="PASS">
          <reporter-output>
          </reporter-output>
        </test-method> <!-- initilizer -->
        <test-method signature="basePageNavigation(java.lang.String, java.lang.String, java.lang.String)[pri:0, instance:Academy.E2EProject.HomePage@1ce93c18]" started-at="2022-02-11T14:08:25Z" name="basePageNavigation" data-provider="getData" finished-at="2022-02-11T14:08:35Z" duration-ms="10335" status="PASS">
          <params>
            <param index="0">
              <value>
                <![CDATA[rahlshetty@gmail.com]]>
              </value>
            </param>
            <param index="1">
              <value>
                <![CDATA[123456789]]>
              </value>
            </param>
            <param index="2">
              <value>
                <![CDATA[restricted user]]>
              </value>
            </param>
          </params>
          <reporter-output>
          </reporter-output>
        </test-method> <!-- basePageNavigation -->
        <test-method signature="basePageNavigation(java.lang.String, java.lang.String, java.lang.String)[pri:0, instance:Academy.E2EProject.HomePage@1ce93c18]" started-at="2022-02-11T14:08:35Z" name="basePageNavigation" data-provider="getData" finished-at="2022-02-11T14:08:42Z" duration-ms="6498" status="PASS">
          <params>
            <param index="0">
              <value>
                <![CDATA[ishant@gmail.com]]>
              </value>
            </param>
            <param index="1">
              <value>
                <![CDATA[456]]>
              </value>
            </param>
            <param index="2">
              <value>
                <![CDATA[non restricted user]]>
              </value>
            </param>
          </params>
          <reporter-output>
          </reporter-output>
        </test-method> <!-- basePageNavigation -->
        <test-method is-config="true" signature="teardown()[pri:0, instance:Academy.E2EProject.HomePage@1ce93c18]" started-at="2022-02-11T14:08:42Z" name="teardown" finished-at="2022-02-11T14:08:42Z" duration-ms="437" status="PASS">
          <reporter-output>
          </reporter-output>
        </test-method> <!-- teardown -->
        <test-method is-config="true" signature="teardown()[pri:0, instance:Academy.E2EProject.validateNavBar@42d236fb]" started-at="2022-02-11T14:08:42Z" name="teardown" finished-at="2022-02-11T14:08:42Z" duration-ms="341" status="PASS">
          <reporter-output>
          </reporter-output>
        </test-method> <!-- teardown -->
        <test-method is-config="true" signature="teardown()[pri:0, instance:Academy.E2EProject.validatetitle@19f21b6b]" started-at="2022-02-11T14:08:42Z" name="teardown" finished-at="2022-02-11T14:08:43Z" duration-ms="484" status="PASS">
          <reporter-output>
          </reporter-output>
        </test-method> <!-- teardown -->
      </class> <!-- Academy.E2EProject.HomePage -->
      <class name="Academy.E2EProject.validatetitle">
        <test-method signature="basePageNavigation()[pri:0, instance:Academy.E2EProject.validatetitle@19f21b6b]" started-at="2022-02-11T14:08:42Z" name="basePageNavigation" finished-at="2022-02-11T14:08:42Z" duration-ms="114" status="PASS">
          <reporter-output>
          </reporter-output>
        </test-method> <!-- basePageNavigation -->
      </class> <!-- Academy.E2EProject.validatetitle -->
    </test> <!-- Default test -->
  </suite> <!-- Default suite -->
</testng-results>
